SF:lib\screens\ViewModels\give_feedback_viewmodel.dart
DA:8,2
DA:15,8
DA:16,4
DA:17,3
DA:19,2
DA:20,6
DA:21,2
DA:24,1
DA:25,3
DA:28,1
DA:29,4
DA:30,1
DA:31,1
DA:34,1
DA:35,4
DA:36,1
DA:37,1
DA:39,0
DA:40,0
DA:41,0
DA:42,0
DA:46,1
DA:47,3
DA:48,2
DA:49,1
LF:25
LH:21
end_of_record
SF:lib\screens\network\models\give_feedback_model.dart
DA:5,2
DA:15,1
LF:2
LH:2
end_of_record
SF:lib\screens\network\repositories\give_feedback_repository.dart
DA:4,1
DA:7,1
DA:10,1
DA:15,3
DA:17,1
DA:18,1
DA:19,1
DA:20,1
DA:21,1
DA:22,1
DA:23,1
DA:24,1
DA:25,1
DA:26,1
DA:27,1
LF:15
LH:15
end_of_record
SF:lib\screens\ViewModels\questionair_viewmodel.dart
DA:9,1
DA:16,1
DA:17,1
DA:18,3
DA:19,2
DA:20,2
DA:21,1
DA:24,1
DA:25,3
DA:28,1
DA:29,2
DA:30,4
DA:31,1
DA:38,1
DA:39,5
DA:44,1
DA:46,7
DA:47,2
DA:49,1
DA:51,3
DA:54,1
DA:58,1
DA:59,5
DA:61,6
DA:63,2
DA:67,1
DA:68,1
DA:71,3
LF:28
LH:28
end_of_record
SF:lib\screens\network\models\answer_model.dart
DA:5,2
LF:1
LH:1
end_of_record
SF:lib\screens\network\repositories\questionair_repository.dart
DA:5,1
DA:6,1
DA:9,1
DA:14,3
DA:15,1
DA:16,1
DA:23,1
DA:30,1
DA:37,1
DA:44,1
DA:51,1
DA:58,1
DA:65,1
LF:13
LH:13
end_of_record
SF:lib\screens\network\models\questionair_modal.dart
DA:4,1
DA:13,1
LF:2
LH:2
end_of_record
SF:lib\screens\network\repositories\personal_feedback_repository.dart
DA:5,1
DA:6,1
DA:11,8
DA:12,2
DA:13,2
DA:14,2
DA:15,2
DA:16,2
DA:17,2
DA:18,2
DA:19,2
DA:20,2
LF:12
LH:12
end_of_record
SF:lib\screens\see_feedback.dart
DA:12,2
DA:14,2
DA:16,2
DA:17,4
DA:19,4
DA:20,2
DA:21,2
DA:22,4
DA:23,2
DA:25,2
DA:26,2
DA:27,2
DA:29,6
DA:31,2
DA:32,2
DA:33,2
DA:34,1
DA:36,1
DA:37,1
DA:38,1
DA:39,1
DA:40,1
LF:22
LH:22
end_of_record
SF:lib\screens\network\models\personal_feedback_item.dart
DA:4,3
DA:13,2
LF:2
LH:2
end_of_record
SF:lib\screens\ViewModels\see_feedback_viewmodel.dart
DA:8,3
DA:14,12
DA:15,8
DA:17,3
DA:18,9
DA:19,3
LF:6
LH:6
end_of_record
SF:lib\widgets\my_feedback_widget.dart
DA:9,2
DA:12,2
DA:14,2
DA:15,2
DA:16,14
DA:19,2
DA:21,2
DA:23,2
DA:25,2
DA:26,2
DA:28,4
DA:29,6
DA:34,2
DA:36,2
DA:38,2
DA:39,2
DA:40,2
DA:41,4
DA:42,6
DA:44,2
DA:45,2
DA:46,4
DA:47,6
LF:23
LH:23
end_of_record
SF:lib\widgets\answer_widget.dart
DA:8,1
LF:1
LH:1
end_of_record
SF:lib\widgets\question_widget.dart
DA:9,1
DA:12,1
DA:14,1
DA:15,1
DA:17,1
DA:18,1
DA:19,1
DA:20,1
DA:21,3
DA:23,2
DA:24,3
DA:27,1
LF:12
LH:12
end_of_record
SF:lib\main.dart
DA:10,0
DA:11,0
DA:12,0
DA:16,2
DA:18,1
DA:20,1
DA:22,1
DA:28,2
DA:38,1
DA:42,1
DA:43,1
DA:49,0
DA:50,0
DA:52,1
DA:53,2
DA:54,1
DA:58,1
DA:60,1
DA:61,1
DA:62,1
DA:64,1
DA:65,1
DA:70,1
DA:71,2
DA:72,2
DA:73,1
DA:74,1
DA:75,1
DA:76,1
DA:78,1
DA:79,3
DA:85,3
DA:87,1
DA:88,1
LF:34
LH:29
end_of_record
SF:lib\screens\give_feedback.dart
DA:11,1
DA:13,1
DA:15,1
DA:16,2
DA:17,2
DA:18,1
DA:19,1
DA:20,2
DA:21,1
DA:23,1
DA:25,1
DA:26,1
DA:27,1
DA:28,3
DA:30,1
DA:31,1
DA:32,1
DA:33,0
DA:35,0
DA:37,0
DA:38,0
DA:41,0
DA:48,0
DA:50,0
DA:51,0
DA:52,0
DA:53,0
DA:54,0
DA:55,0
DA:56,0
DA:57,0
DA:59,0
DA:60,0
DA:63,0
DA:66,0
DA:67,0
LF:36
LH:17
end_of_record
SF:lib\screens\landing_page.dart
DA:6,1
DA:8,1
DA:10,1
DA:11,3
DA:12,1
DA:13,2
DA:15,1
DA:16,1
DA:17,1
DA:19,1
DA:20,1
DA:21,3
DA:24,1
DA:26,1
DA:27,1
DA:28,3
LF:16
LH:16
end_of_record
SF:lib\screens\questionair_screen.dart
DA:16,0
DA:18,0
DA:20,0
DA:21,0
DA:22,0
DA:24,0
DA:25,0
DA:30,0
DA:31,0
DA:36,0
DA:37,0
DA:38,0
DA:39,0
DA:40,0
DA:41,0
DA:42,0
DA:43,0
DA:44,0
DA:45,0
DA:46,0
DA:47,0
DA:48,0
DA:49,0
DA:50,0
DA:51,0
DA:54,0
DA:56,0
DA:57,0
DA:58,0
DA:59,0
DA:60,0
DA:62,0
DA:63,0
DA:66,0
DA:69,0
LF:35
LH:0
end_of_record
SF:lib\three_sixty_theme.dart
DA:3,3
DA:4,2
DA:5,1
DA:7,1
DA:8,1
DA:9,1
DA:10,1
DA:11,1
DA:12,1
DA:13,1
DA:14,1
DA:15,1
DA:16,1
DA:18,1
DA:19,1
DA:22,1
DA:24,1
DA:27,1
DA:29,1
DA:32,1
DA:34,1
DA:37,1
DA:40,1
DA:41,1
DA:42,1
DA:44,1
DA:45,1
DA:47,1
DA:48,1
DA:50,1
DA:51,1
DA:57,2
DA:58,2
DA:59,2
DA:60,2
DA:61,2
DA:62,2
DA:63,2
LF:38
LH:38
end_of_record
SF:lib\utils\service_locator_util.dart
DA:7,0
DA:8,0
DA:9,0
DA:10,0
DA:11,0
LF:5
LH:0
end_of_record
SF:lib\screens\ViewModels\landing_page_view_model.dart
DA:7,3
DA:8,3
DA:9,0
DA:10,0
DA:12,1
DA:13,2
DA:14,1
LF:7
LH:5
end_of_record
SF:lib\screens\network\models\landing_page_model.dart
DA:7,1
LF:1
LH:1
end_of_record
SF:lib\widgets\give_feedback_widget.dart
DA:11,0
DA:21,0
DA:23,0
DA:24,0
DA:25,0
DA:26,0
DA:27,0
DA:28,0
DA:29,0
DA:34,0
DA:36,0
DA:37,0
DA:39,0
DA:41,0
DA:42,0
DA:44,0
DA:45,0
DA:49,0
DA:51,0
DA:52,0
DA:54,0
DA:55,0
DA:56,0
DA:58,0
DA:59,0
DA:60,0
DA:61,0
DA:62,0
DA:67,0
DA:69,0
DA:70,0
DA:71,0
DA:73,0
DA:74,0
DA:75,0
DA:76,0
DA:77,0
LF:37
LH:0
end_of_record
SF:lib\widgets\slide_answer_widget.dart
DA:8,0
DA:10,0
DA:12,0
DA:13,0
DA:14,0
DA:15,0
DA:17,0
DA:19,0
DA:20,0
DA:21,0
DA:25,0
DA:26,0
DA:27,0
DA:28,0
DA:29,0
DA:32,0
DA:33,0
DA:35,0
LF:18
LH:0
end_of_record
